<?xml version="1.0" encoding="UTF-8"?>
<testsuite xmlns:xsi="http://www.w3.org/2001/XMLSchema-instance" xsi:noNamespaceSchemaLocation="https://maven.apache.org/surefire/maven-surefire-plugin/xsd/surefire-test-report.xsd" name="TestSuite" time="19.405" tests="10" errors="0" skipped="0" failures="0">
  <properties>
[...]
</properties>
  <testcase name="registerOk" classname="Tests.AUserTests.ARegisterTests" time="6.036"/>
  <testcase name="registerHeaders" classname="Tests.AUserTests.ARegisterTests" time="1.089"/>
  <testcase name="registerOkContentType" classname="Tests.AUserTests.ARegisterTests" time="0.868"/>
  <testcase name="httpStatus200OnGetUserByUsername" classname="Tests.AUserTests.BUserTests" time="0.938"/>
  <testcase name="OnGetUserByIdWithWrongUsername" classname="Tests.AUserTests.BUserTests" time="0.865"/>
  <testcase name="putUserByUsername" classname="Tests.AUserTests.BUserTests" time="0.843"/>
  <testcase name="deleteUser" classname="Tests.AUserTests.BUserTests" time="0.818"/>
  <testcase name="httpStatus200OnGetUserByUsername" classname="Tests.BPetTests.APetTests" time="1.166"/>
  <testcase name="getASoldPetsList" classname="Tests.BPetTests.APetTests" time="1.287"/>
  <testcase name="getASoldPetsQuantityByName" classname="Tests.BPetTests.APetTests" time="0.97"/>
</testsuite>