<?xml version="1.0" encoding="UTF-8"?>
<!-- Generated by org.testng.reporters.JUnitXMLReporter -->
<testsuite ignored="0" hostname="MARU" failures="0" tests="10" name="Surefire test" time="16.934" errors="0" timestamp="2023-10-04T02:20:17 ART">
  <testcase classname="Tests.AUserTests.ARegisterTests" name="registerOk" time="5.88"/>
  <testcase classname="Tests.AUserTests.ARegisterTests" name="registerHeaders" time="1.083"/>
  <testcase classname="Tests.AUserTests.ARegisterTests" name="registerOkContentType" time="0.864"/>
  <testcase classname="Tests.AUserTests.BUserTests" name="httpStatus200OnGetUserByUsername" time="0.935"/>
  <testcase classname="Tests.AUserTests.BUserTests" name="OnGetUserByIdWithWrongUsername" time="0.856"/>
  <testcase classname="Tests.AUserTests.BUserTests" name="putUserByUsername" time="0.838"/>
  <testcase classname="Tests.AUserTests.BUserTests" name="deleteUser" time="0.813"/>
  <testcase classname="Tests.BPetTests.APetTests" name="httpStatus200OnGetUserByUsername" time="1.162"/>
  <testcase classname="Tests.BPetTests.APetTests" name="getASoldPetsList" time="1.286"/>
  <testcase classname="Tests.BPetTests.APetTests" name="getASoldPetsQuantityByName" time="0.964"/>
</testsuite> <!-- Surefire test -->
